Copyright 1986-2020 Xilinx, Inc. All Rights Reserved.
-------------------------------------------------------------------------------------
| Tool Version : Vivado v.2020.2 (lin64) Build 3064766 Wed Nov 18 09:12:47 MST 2020
| Date         : Thu Mar 30 09:36:23 2023
| Host         : cad105.naist.jp running 64-bit CentOS Linux release 7.9.2009 (Core)
| Command      : upgrade_ip
| Device       : xczu19eg-ffvb1517-2-i
-------------------------------------------------------------------------------------

Upgrade Log for IP 'design_1_emax6_0_0'

1. Summary
----------

SUCCESS in the conversion of design_1_emax6_0_0 (comparch:user:emax6:1.0 (Rev. 2)) to Vivado generation flows.






Copyright 1986-2020 Xilinx, Inc. All Rights Reserved.
-------------------------------------------------------------------------------------
| Tool Version : Vivado v.2020.2 (lin64) Build 3064766 Wed Nov 18 09:12:47 MST 2020
| Date         : Tue Nov  1 13:06:56 2022
| Host         : cad112.naist.jp running 64-bit CentOS Linux release 7.9.2009 (Core)
| Command      : upgrade_ip
| Device       : xczu19eg-ffvb1517-2-i
-------------------------------------------------------------------------------------

Upgrade Log for IP 'design_1_emax6_0_0'

1. Summary
----------

SUCCESS in the conversion of design_1_emax6_0_0 (comparch:user:emax6:1.0 (Rev. 2)) to Vivado generation flows.






Copyright 1986-2020 Xilinx, Inc. All Rights Reserved.
-------------------------------------------------------------------------------------
| Tool Version : Vivado v.2020.2 (lin64) Build 3064766 Wed Nov 18 09:12:47 MST 2020
| Date         : Mon Oct 31 15:59:48 2022
| Host         : cad112.naist.jp running 64-bit CentOS Linux release 7.9.2009 (Core)
| Command      : upgrade_ip
| Device       : xczu19eg-ffvb1517-2-i
-------------------------------------------------------------------------------------

Upgrade Log for IP 'design_1_emax6_0_0'

1. Summary
----------

SUCCESS in the conversion of design_1_emax6_0_0 (comparch:user:emax6:1.0 (Rev. 2)) to Vivado generation flows.






Copyright 1986-2020 Xilinx, Inc. All Rights Reserved.
-------------------------------------------------------------------------------------
| Tool Version : Vivado v.2020.2 (lin64) Build 3064766 Wed Nov 18 09:12:47 MST 2020
| Date         : Tue Oct 18 15:01:04 2022
| Host         : cad106.naist.jp running 64-bit CentOS Linux release 7.9.2009 (Core)
| Command      : upgrade_ip
| Device       : xczu19eg-ffvb1517-2-i
-------------------------------------------------------------------------------------

Upgrade Log for IP 'design_1_emax6_0_0'

1. Summary
----------

SUCCESS in the conversion of design_1_emax6_0_0 (comparch:user:emax6:1.0 (Rev. 2)) to Vivado generation flows.






Copyright 1986-2020 Xilinx, Inc. All Rights Reserved.
-------------------------------------------------------------------------------------
| Tool Version : Vivado v.2020.2 (lin64) Build 3064766 Wed Nov 18 09:12:47 MST 2020
| Date         : Mon Jul 25 15:22:06 2022
| Host         : cad106.naist.jp running 64-bit CentOS Linux release 7.9.2009 (Core)
| Command      : upgrade_ip
| Device       : xczu19eg-ffvb1517-2-i
-------------------------------------------------------------------------------------

Upgrade Log for IP 'design_1_emax6_0_0'

1. Summary
----------

SUCCESS in the conversion of design_1_emax6_0_0 (comparch:user:emax6:1.0 (Rev. 2)) to Vivado generation flows.






Copyright 1986-2020 Xilinx, Inc. All Rights Reserved.
-------------------------------------------------------------------------------------
| Tool Version : Vivado v.2020.2 (lin64) Build 3064766 Wed Nov 18 09:12:47 MST 2020
| Date         : Sun Mar 13 14:08:54 2022
| Host         : cad106.naist.jp running 64-bit CentOS Linux release 7.9.2009 (Core)
| Command      : upgrade_ip
| Device       : xczu19eg-ffvb1517-2-i
-------------------------------------------------------------------------------------

Upgrade Log for IP 'design_1_emax6_0_0'

1. Summary
----------

SUCCESS in the conversion of design_1_emax6_0_0 (comparch:user:emax6:1.0 (Rev. 2)) to Vivado generation flows.






Copyright 1986-2020 Xilinx, Inc. All Rights Reserved.
-------------------------------------------------------------------------------------
| Tool Version : Vivado v.2020.2 (lin64) Build 3064766 Wed Nov 18 09:12:47 MST 2020
| Date         : Wed Mar  9 22:42:15 2022
| Host         : cad109.naist.jp running 64-bit CentOS Linux release 7.9.2009 (Core)
| Command      : upgrade_ip
| Device       : xczu19eg-ffvb1517-2-i
-------------------------------------------------------------------------------------

Upgrade Log for IP 'design_1_emax6_0_0'

1. Summary
----------

SUCCESS in the conversion of design_1_emax6_0_0 (comparch:user:emax6:1.0 (Rev. 2)) to Vivado generation flows.






Copyright 1986-2020 Xilinx, Inc. All Rights Reserved.
-------------------------------------------------------------------------------------
| Tool Version : Vivado v.2020.2 (lin64) Build 3064766 Wed Nov 18 09:12:47 MST 2020
| Date         : Wed Mar  9 13:39:01 2022
| Host         : cad606.naist.jp running 64-bit CentOS Linux release 7.9.2009 (Core)
| Command      : upgrade_ip
| Device       : xczu19eg-ffvb1517-2-i
-------------------------------------------------------------------------------------

Upgrade Log for IP 'design_1_emax6_0_0'

1. Summary
----------

SUCCESS in the upgrade of design_1_emax6_0_0 (comparch:user:emax6:1.0) from (Rev. 4) to (Rev. 2)

