#-----------------------------------------------------------
# Vivado v2020.2 (64-bit)
# SW Build 3064766 on Wed Nov 18 09:12:47 MST 2020
# IP Build 3064653 on Wed Nov 18 14:17:31 MST 2020
# Start of session at: Fri Mar 31 16:28:58 2023
# Process ID: 15474
# Current directory: /home/nakashim/proj-arm64/fpga/ZU19EG-step4000
# Command line: vivado -stack 10000 ZU19EG_16st.xpr
# Log file: /home/nakashim/proj-arm64/fpga/ZU19EG-step4000/vivado.log
# Journal file: /home/nakashim/proj-arm64/fpga/ZU19EG-step4000/vivado.jou
#-----------------------------------------------------------
Sourcing tcl script '/home/nakashim/.Xilinx/Vivado/Vivado_init.tcl'
start_gui
open_project ZU19EG_16st.xpr
WARNING: [filemgmt 56-3] Board Part Repository Path: Could not find the directory '/home/tomoya-a/risc-v/fpga/ZU19EG/~/.Xilinx/Vivado/TySOM-3A-ZU19EG/1.1'.
Scanning sources...
Finished scanning sources
WARNING: [Board 49-44] Exception: boost::filesystem::status: Permission denied: "/home/tomoya-a/risc-v/fpga/ZU19EG/~/.Xilinx/Vivado/TySOM-3A-ZU19EG/1.1" 
INFO: [IP_Flow 19-234] Refreshing IP repositories
INFO: [IP_Flow 19-1700] Loaded user IP repository '/home/nakashim/proj-arm64/fpga/ZU19EG-step4000_IP'.
INFO: [IP_Flow 19-2313] Loaded Vivado IP repository '/opt/xilinx/Vivado/2020.2/data/ip'.
CRITICAL WARNING: [Common 17-1649] The Vivado message database '/home/nakashim/proj-arm64/fpga/ZU19EG-step4000/ZU19EG_16st.runs/impl_1/place_design.pb' contains 35273 messages. Restoring all messages from this message database will impact Vivado performance, so only WARNING, CRITICAL WARNING, and ERROR messages will be restored. To restore all messages from this file use the tcl command 'set_param messaging.loadPbLimit 35274' and re-open the project.
open_project: Time (s): cpu = 00:00:12 ; elapsed = 00:00:08 . Memory (MB): peak = 9630.402 ; gain = 63.340 ; free physical = 13613 ; free virtual = 116259
update_compile_order -fileset sources_1
exit
INFO: [Common 17-206] Exiting Vivado at Fri Mar 31 16:30:06 2023...
